<?xml version="1.0" encoding="UTF-8"?>
<testng-results ignored="0" total="2" passed="2" failed="0" skipped="0">
  <reporter-output>
  </reporter-output>
  <suite started-at="2022-08-31T15:06:00 EEST" name="Command line suite" finished-at="2022-08-31T15:06:08 EEST" duration-ms="8036">
    <groups>
    </groups>
    <test started-at="2022-08-31T15:06:00 EEST" name="Command line test" finished-at="2022-08-31T15:06:08 EEST" duration-ms="8036">
      <class name="C30.Test.TestHomePage">
        <test-method is-config="true" signature="setUpDriver()[pri:0, instance:C30.Test.TestHomePage@7e9131d5]" started-at="2022-08-31T15:06:05 EEST" name="setUpDriver" finished-at="2022-08-31T15:06:06 EEST" duration-ms="1216" status="PASS">
          <reporter-output>
          </reporter-output>
        </test-method> <!-- setUpDriver -->
        <test-method signature="goToWebSite()[pri:0, instance:C30.Test.TestHomePage@7e9131d5]" started-at="2022-08-31T15:06:06 EEST" name="goToWebSite" finished-at="2022-08-31T15:06:07 EEST" duration-ms="869" status="PASS">
          <reporter-output>
          </reporter-output>
        </test-method> <!-- goToWebSite -->
        <test-method is-config="true" signature="quitDriver()[pri:0, instance:C30.Test.TestHomePage@7e9131d5]" started-at="2022-08-31T15:06:07 EEST" name="quitDriver" finished-at="2022-08-31T15:06:08 EEST" duration-ms="608" status="PASS">
          <reporter-output>
          </reporter-output>
        </test-method> <!-- quitDriver -->
      </class> <!-- C30.Test.TestHomePage -->
      <class name="C30.Test.Test2">
        <test-method is-config="true" signature="setUpDriver()[pri:0, instance:C30.Test.Test2@2cdd0d4b]" started-at="2022-08-31T15:06:00 EEST" name="setUpDriver" finished-at="2022-08-31T15:06:02 EEST" duration-ms="2566" status="PASS">
          <reporter-output>
          </reporter-output>
        </test-method> <!-- setUpDriver -->
        <test-method signature="goToWebSite2()[pri:0, instance:C30.Test.Test2@2cdd0d4b]" started-at="2022-08-31T15:06:02 EEST" name="goToWebSite2" finished-at="2022-08-31T15:06:04 EEST" duration-ms="2133" status="PASS">
          <reporter-output>
          </reporter-output>
        </test-method> <!-- goToWebSite2 -->
        <test-method is-config="true" signature="quitDriver()[pri:0, instance:C30.Test.Test2@2cdd0d4b]" started-at="2022-08-31T15:06:04 EEST" name="quitDriver" finished-at="2022-08-31T15:06:05 EEST" duration-ms="608" status="PASS">
          <reporter-output>
          </reporter-output>
        </test-method> <!-- quitDriver -->
      </class> <!-- C30.Test.Test2 -->
    </test> <!-- Command line test -->
  </suite> <!-- Command line suite -->
</testng-results>
